<?xml version="1.0" encoding="UTF-8"?>
<!-- Generated by org.testng.reporters.JUnitXMLReporter -->
<testsuite ignored="0" hostname="DESKTOP-5KTOU1E" failures="0" tests="5" name="Default test" time="0.111" errors="0" timestamp="2024-02-07T17:03:17 IST">
  <testcase classname="TestNG.Annotations" name="ausaf" time="0.015"/>
  <testcase classname="TestNG.Annotations" name="adeeb" time="0.001"/>
  <testcase classname="TestNG.Annotations" name="adeeb" time="0.002"/>
  <testcase classname="TestNG.Annotations" name="Sheikh" time="0.004"/>
  <testcase classname="TestNG.Annotations" name="khan" time="0.005"/>
</testsuite> <!-- Default test -->
