<?xml version="1.0" encoding="UTF-8"?>
<testng-results ignored="0" total="1" passed="1" failed="0" skipped="0">
  <reporter-output>
  </reporter-output>
  <suite started-at="2023-12-12T17:43:36 IST" name="Default suite" finished-at="2023-12-12T17:43:38 IST" duration-ms="2578">
    <groups>
    </groups>
    <test started-at="2023-12-12T17:43:36 IST" name="Default test" finished-at="2023-12-12T17:43:38 IST" duration-ms="2578">
      <class name="ReqChaining.Post_Chaining">
        <test-method signature="post()[pri:0, instance:ReqChaining.Post_Chaining@206a70ef]" started-at="2023-12-12T17:43:36 IST" name="post" finished-at="2023-12-12T17:43:38 IST" duration-ms="2523" status="PASS">
          <reporter-output>
          </reporter-output>
        </test-method> <!-- post -->
      </class> <!-- ReqChaining.Post_Chaining -->
    </test> <!-- Default test -->
  </suite> <!-- Default suite -->
</testng-results>
