<?xml version="1.0" encoding="UTF-8"?>
<!-- Generated by org.testng.reporters.JUnitReportReporter -->
<testsuite hostname="DESKTOP-5KTOU1E" failures="0" tests="3" name="FirstPackage.AttributesInTestNG" time="0.012" errors="0" timestamp="2023-12-01T16:10:29 IST" skipped="0">
  <testcase classname="FirstPackage.AttributesInTestNG" name="herName" time="0.007"/>
  <testcase classname="FirstPackage.AttributesInTestNG" name="myName" time="0.003"/>
  <testcase classname="FirstPackage.AttributesInTestNG" name="yourName" time="0.002"/>
</testsuite> <!-- FirstPackage.AttributesInTestNG -->
