<?xml version="1.0" encoding="UTF-8"?>
<testng-results ignored="0" total="1" passed="1" failed="0" skipped="0">
  <reporter-output>
  </reporter-output>
  <suite started-at="2024-07-20T17:14:49 IST" name="Default suite" finished-at="2024-07-20T17:16:02 IST" duration-ms="72938">
    <groups>
    </groups>
    <test started-at="2024-07-20T17:14:49 IST" name="Default test" finished-at="2024-07-20T17:16:02 IST" duration-ms="72938">
      <class name="Fkm_WEB_Chrome.AddBank">
        <test-method is-config="true" signature="login()[pri:0, instance:Fkm_WEB_Chrome.AddBank@3bf7ca37]" started-at="2024-07-20T17:14:49 IST" name="login" finished-at="2024-07-20T17:15:25 IST" duration-ms="35220" status="PASS">
          <reporter-output>
          </reporter-output>
        </test-method> <!-- login -->
        <test-method signature="bank()[pri:0, instance:Fkm_WEB_Chrome.AddBank@3bf7ca37]" started-at="2024-07-20T17:15:25 IST" name="bank" finished-at="2024-07-20T17:16:02 IST" duration-ms="37662" status="PASS">
          <reporter-output>
          </reporter-output>
        </test-method> <!-- bank -->
      </class> <!-- Fkm_WEB_Chrome.AddBank -->
    </test> <!-- Default test -->
  </suite> <!-- Default suite -->
</testng-results>
