<?xml version="1.0" encoding="UTF-8"?>
<testng-results ignored="0" total="1" passed="1" failed="0" skipped="0">
  <reporter-output>
  </reporter-output>
  <suite started-at="2024-07-29T18:42:39 IST" name="Default suite" finished-at="2024-07-29T18:43:45 IST" duration-ms="66003">
    <groups>
    </groups>
    <test started-at="2024-07-29T18:42:39 IST" name="Default test" finished-at="2024-07-29T18:43:45 IST" duration-ms="66003">
      <class name="Fkm_WEB_Chrome.ReferEarnFunctionality">
        <test-method is-config="true" signature="login()[pri:0, instance:Fkm_WEB_Chrome.ReferEarnFunctionality@145f66e3]" started-at="2024-07-29T18:42:39 IST" name="login" finished-at="2024-07-29T18:43:20 IST" duration-ms="41266" status="PASS">
          <reporter-output>
          </reporter-output>
        </test-method> <!-- login -->
        <test-method signature="referEarn()[pri:0, instance:Fkm_WEB_Chrome.ReferEarnFunctionality@145f66e3]" started-at="2024-07-29T18:43:20 IST" name="referEarn" finished-at="2024-07-29T18:43:45 IST" duration-ms="24693" status="PASS">
          <reporter-output>
          </reporter-output>
        </test-method> <!-- referEarn -->
      </class> <!-- Fkm_WEB_Chrome.ReferEarnFunctionality -->
    </test> <!-- Default test -->
  </suite> <!-- Default suite -->
</testng-results>
