<?xml version="1.0" encoding="UTF-8"?>
<testng-results ignored="0" total="5" passed="4" failed="0" skipped="1">
  <reporter-output>
  </reporter-output>
  <suite started-at="2024-06-10T17:00:05 IST" name="Suite" finished-at="2024-06-10T17:00:05 IST" duration-ms="94">
    <groups>
      <group name="regression">
        <method signature="AttributesInTestNG.myName()[pri:0, instance:FirstPackage.AttributesInTestNG@ba2f4ec]" name="myName" class="FirstPackage.AttributesInTestNG"/>
      </group> <!-- regression -->
      <group name="smoke">
        <method signature="AttributesInTestNG.yourName()[pri:0, instance:FirstPackage.AttributesInTestNG@ba2f4ec]" name="yourName" class="FirstPackage.AttributesInTestNG"/>
      </group> <!-- smoke -->
    </groups>
    <test started-at="2024-06-10T17:00:05 IST" name="Test" finished-at="2024-06-10T17:00:05 IST" duration-ms="94">
      <class name="FirstPackage.TestNG">
        <test-method is-config="true" signature="BS()[pri:0, instance:FirstPackage.TestNG@305b7c14]" started-at="2024-06-10T17:00:05 IST" name="BS" finished-at="2024-06-10T17:00:05 IST" duration-ms="11" status="PASS">
          <reporter-output>
          </reporter-output>
        </test-method> <!-- BS -->
        <test-method is-config="true" signature="BT()[pri:0, instance:FirstPackage.TestNG@305b7c14]" started-at="2024-06-10T17:00:05 IST" name="BT" finished-at="2024-06-10T17:00:05 IST" duration-ms="1" status="PASS">
          <reporter-output>
          </reporter-output>
        </test-method> <!-- BT -->
        <test-method is-config="true" signature="BC()[pri:0, instance:FirstPackage.TestNG@305b7c14]" started-at="2024-06-10T17:00:05 IST" name="BC" finished-at="2024-06-10T17:00:05 IST" duration-ms="0" status="PASS">
          <reporter-output>
          </reporter-output>
        </test-method> <!-- BC -->
        <test-method is-config="true" signature="BM()[pri:0, instance:FirstPackage.TestNG@305b7c14]" started-at="2024-06-10T17:00:05 IST" name="BM" finished-at="2024-06-10T17:00:05 IST" duration-ms="3" status="PASS">
          <reporter-output>
          </reporter-output>
        </test-method> <!-- BM -->
        <test-method signature="test()[pri:0, instance:FirstPackage.TestNG@305b7c14]" started-at="2024-06-10T17:00:05 IST" name="test" finished-at="2024-06-10T17:00:05 IST" duration-ms="2" status="PASS">
          <reporter-output>
          </reporter-output>
        </test-method> <!-- test -->
        <test-method is-config="true" signature="AM()[pri:0, instance:FirstPackage.TestNG@305b7c14]" started-at="2024-06-10T17:00:05 IST" name="AM" finished-at="2024-06-10T17:00:05 IST" duration-ms="2" status="PASS">
          <reporter-output>
          </reporter-output>
        </test-method> <!-- AM -->
        <test-method is-config="true" signature="AC()[pri:0, instance:FirstPackage.TestNG@305b7c14]" started-at="2024-06-10T17:00:05 IST" name="AC" finished-at="2024-06-10T17:00:05 IST" duration-ms="1" status="PASS">
          <reporter-output>
          </reporter-output>
        </test-method> <!-- AC -->
        <test-method is-config="true" signature="AT()[pri:0, instance:FirstPackage.TestNG@305b7c14]" started-at="2024-06-10T17:00:05 IST" name="AT" finished-at="2024-06-10T17:00:05 IST" duration-ms="1" status="PASS">
          <reporter-output>
          </reporter-output>
        </test-method> <!-- AT -->
        <test-method is-config="true" signature="AS()[pri:0, instance:FirstPackage.TestNG@305b7c14]" started-at="2024-06-10T17:00:05 IST" name="AS" finished-at="2024-06-10T17:00:05 IST" duration-ms="0" status="PASS">
          <reporter-output>
          </reporter-output>
        </test-method> <!-- AS -->
      </class> <!-- FirstPackage.TestNG -->
      <class name="FirstPackage.WebDriversMethods">
        <test-method is-config="true" signature="BM(java.lang.String)[pri:0, instance:FirstPackage.WebDriversMethods@b3ca52e]" started-at="2024-06-10T17:00:05 IST" name="BM" finished-at="1970-01-01T05:30:00 IST" duration-ms="-1718019005081" status="FAIL">
          <exception class="org.testng.TestNGException">
            <message>
              <![CDATA[
Parameter 'BROWSER' is required by BeforeMethod on method BM but has not been marked @Optional or defined
in C:\Users\Dell\eclipse-workspace\November2023\testngBatch.xml]]>
            </message>
            <full-stacktrace>
              <![CDATA[org.testng.TestNGException: 
Parameter 'BROWSER' is required by BeforeMethod on method BM but has not been marked @Optional or defined
in C:\Users\Dell\eclipse-workspace\November2023\testngBatch.xml
at org.testng.internal.Parameters.createParams(Parameters.java:267)
at org.testng.internal.Parameters.createParametersForMethod(Parameters.java:355)
at org.testng.internal.Parameters.createParameters(Parameters.java:684)
at org.testng.internal.Parameters.createConfigurationParameters(Parameters.java:166)
at org.testng.internal.invokers.ConfigInvoker.invokeConfigurations(ConfigInvoker.java:306)
at org.testng.internal.invokers.TestInvoker.runConfigMethods(TestInvoker.java:810)
at org.testng.internal.invokers.TestInvoker.invokeMethod(TestInvoker.java:577)
at org.testng.internal.invokers.TestInvoker.invokeTestMethod(TestInvoker.java:227)
at org.testng.internal.invokers.MethodRunner.runInSequence(MethodRunner.java:50)
at org.testng.internal.invokers.TestInvoker$MethodInvocationAgent.invoke(TestInvoker.java:957)
at org.testng.internal.invokers.TestInvoker.invokeTestMethods(TestInvoker.java:200)
at org.testng.internal.invokers.TestMethodWorker.invokeTestMethods(TestMethodWorker.java:148)
at org.testng.internal.invokers.TestMethodWorker.run(TestMethodWorker.java:128)
at java.base/java.util.ArrayList.forEach(ArrayList.java:1511)
at org.testng.TestRunner.privateRun(TestRunner.java:848)
at org.testng.TestRunner.run(TestRunner.java:621)
at org.testng.SuiteRunner.runTest(SuiteRunner.java:443)
at org.testng.SuiteRunner.runSequentially(SuiteRunner.java:437)
at org.testng.SuiteRunner.privateRun(SuiteRunner.java:397)
at org.testng.SuiteRunner.run(SuiteRunner.java:336)
at org.testng.SuiteRunnerWorker.runSuite(SuiteRunnerWorker.java:52)
at org.testng.SuiteRunnerWorker.run(SuiteRunnerWorker.java:95)
at org.testng.TestNG.runSuitesSequentially(TestNG.java:1280)
at org.testng.TestNG.runSuitesLocally(TestNG.java:1200)
at org.testng.TestNG.runSuites(TestNG.java:1114)
at org.testng.TestNG.run(TestNG.java:1082)
at org.testng.remote.AbstractRemoteTestNG.run(AbstractRemoteTestNG.java:115)
at org.testng.remote.RemoteTestNG.initAndRun(RemoteTestNG.java:251)
at org.testng.remote.RemoteTestNG.main(RemoteTestNG.java:77)
]]>
            </full-stacktrace>
          </exception> <!-- org.testng.TestNGException -->
          <reporter-output>
          </reporter-output>
        </test-method> <!-- BM -->
        <test-method signature="methods()[pri:0, instance:FirstPackage.WebDriversMethods@b3ca52e]" started-at="2024-06-10T17:00:05 IST" name="methods" finished-at="2024-06-10T17:00:05 IST" duration-ms="0" status="SKIP">
          <exception class="org.testng.TestNGException">
            <message>
              <![CDATA[
Parameter 'BROWSER' is required by BeforeMethod on method BM but has not been marked @Optional or defined
in C:\Users\Dell\eclipse-workspace\November2023\testngBatch.xml]]>
            </message>
            <full-stacktrace>
              <![CDATA[org.testng.TestNGException: 
Parameter 'BROWSER' is required by BeforeMethod on method BM but has not been marked @Optional or defined
in C:\Users\Dell\eclipse-workspace\November2023\testngBatch.xml
at org.testng.internal.Parameters.createParams(Parameters.java:267)
at org.testng.internal.Parameters.createParametersForMethod(Parameters.java:355)
at org.testng.internal.Parameters.createParameters(Parameters.java:684)
at org.testng.internal.Parameters.createConfigurationParameters(Parameters.java:166)
at org.testng.internal.invokers.ConfigInvoker.invokeConfigurations(ConfigInvoker.java:306)
at org.testng.internal.invokers.TestInvoker.runConfigMethods(TestInvoker.java:810)
at org.testng.internal.invokers.TestInvoker.invokeMethod(TestInvoker.java:577)
at org.testng.internal.invokers.TestInvoker.invokeTestMethod(TestInvoker.java:227)
at org.testng.internal.invokers.MethodRunner.runInSequence(MethodRunner.java:50)
at org.testng.internal.invokers.TestInvoker$MethodInvocationAgent.invoke(TestInvoker.java:957)
at org.testng.internal.invokers.TestInvoker.invokeTestMethods(TestInvoker.java:200)
at org.testng.internal.invokers.TestMethodWorker.invokeTestMethods(TestMethodWorker.java:148)
at org.testng.internal.invokers.TestMethodWorker.run(TestMethodWorker.java:128)
at java.base/java.util.ArrayList.forEach(ArrayList.java:1511)
at org.testng.TestRunner.privateRun(TestRunner.java:848)
at org.testng.TestRunner.run(TestRunner.java:621)
at org.testng.SuiteRunner.runTest(SuiteRunner.java:443)
at org.testng.SuiteRunner.runSequentially(SuiteRunner.java:437)
at org.testng.SuiteRunner.privateRun(SuiteRunner.java:397)
at org.testng.SuiteRunner.run(SuiteRunner.java:336)
at org.testng.SuiteRunnerWorker.runSuite(SuiteRunnerWorker.java:52)
at org.testng.SuiteRunnerWorker.run(SuiteRunnerWorker.java:95)
at org.testng.TestNG.runSuitesSequentially(TestNG.java:1280)
at org.testng.TestNG.runSuitesLocally(TestNG.java:1200)
at org.testng.TestNG.runSuites(TestNG.java:1114)
at org.testng.TestNG.run(TestNG.java:1082)
at org.testng.remote.AbstractRemoteTestNG.run(AbstractRemoteTestNG.java:115)
at org.testng.remote.RemoteTestNG.initAndRun(RemoteTestNG.java:251)
at org.testng.remote.RemoteTestNG.main(RemoteTestNG.java:77)
]]>
            </full-stacktrace>
          </exception> <!-- org.testng.TestNGException -->
          <reporter-output>
          </reporter-output>
        </test-method> <!-- methods -->
      </class> <!-- FirstPackage.WebDriversMethods -->
      <class name="FirstPackage.AttributesInTestNG">
        <test-method signature="herName()[pri:0, instance:FirstPackage.AttributesInTestNG@ba2f4ec]" started-at="2024-06-10T17:00:05 IST" name="herName" finished-at="2024-06-10T17:00:05 IST" duration-ms="8" status="PASS">
          <reporter-output>
          </reporter-output>
        </test-method> <!-- herName -->
        <test-method signature="myName()[pri:0, instance:FirstPackage.AttributesInTestNG@ba2f4ec]" started-at="2024-06-10T17:00:05 IST" name="myName" finished-at="2024-06-10T17:00:05 IST" duration-ms="1" status="PASS">
          <reporter-output>
          </reporter-output>
        </test-method> <!-- myName -->
        <test-method signature="yourName()[pri:0, instance:FirstPackage.AttributesInTestNG@ba2f4ec]" started-at="2024-06-10T17:00:05 IST" name="yourName" finished-at="2024-06-10T17:00:05 IST" duration-ms="1" status="PASS">
          <reporter-output>
          </reporter-output>
        </test-method> <!-- yourName -->
      </class> <!-- FirstPackage.AttributesInTestNG -->
    </test> <!-- Test -->
  </suite> <!-- Suite -->
</testng-results>
