<?xml version="1.0" encoding="UTF-8"?>
<!-- Generated by org.testng.reporters.JUnitReportReporter -->
<testsuite hostname="DESKTOP-5KTOU1E" failures="0" tests="1" name="Fkm_WEB_Chrome.ShopNow_DealPg" time="60.172" errors="1" timestamp="2024-07-22T18:54:32 IST" skipped="0">
  <testcase classname="Fkm_WEB_Chrome.ShopNow_DealPg" name="ShopNow_Deal" time="60.172">
    <error message="An unknown server-side error occurred while processing the command. Original error: disconnected: Unable to receive message from renderer
  (failed to check if window was closed: disconnected: not connected to DevTools)
  (Session info: chrome=126.0.6478.123)
Build info: version: &#039;4.12.0&#039;, revision: &#039;249f2a7d1b*&#039;
System info: os.name: &#039;Windows 11&#039;, os.arch: &#039;amd64&#039;, os.version: &#039;10.0&#039;, java.version: &#039;17.0.8&#039;
Driver info: io.appium.java_client.android.AndroidDriver
Command: [87e08c21-5ed6-4931-bee3-99a33799b61c, findElement {using=xpath, value=//button[@class=&quot;storedetail-se-btn&quot;]}]
Capabilities {appium:autoGrantPermissions: true, appium:automationName: uiautomator2, appium:chromedriverExecutable: C:\Users\Dell\Downloads\chr..., appium:databaseEnabled: false, appium:desired: {appActivity: com.android.chrome/com.goog..., appPackage: com.android.chrome, autoGrantPermissions: true, automationName: uiautomator2, browserName: Chrome, chromedriverExecutable: C:\Users\Dell\Downloads\chr..., deviceName: Xiaomi redmi Note 5 pro, platformName: ANDROID, platformVersion: 9}, appium:deviceApiLevel: 28, appium:deviceManufacturer: Xiaomi, appium:deviceModel: Redmi Note 5 Pro, appium:deviceName: de6bda50, appium:deviceScreenDensity: 440, appium:deviceScreenSize: 1080x2160, appium:deviceUDID: de6bda50, appium:javascriptEnabled: true, appium:locationContextEnabled: false, appium:networkConnectionEnabled: true, appium:pixelRatio: 2.75, appium:platformVersion: 9, appium:statBarHeight: 66, appium:takesScreenshot: true, appium:viewportRect: {height: 2094, left: 0, top: 66, width: 1080}, appium:warnings: {}, appium:webStorageEnabled: false, browserName: Chrome, platformName: ANDROID}
Session ID: 87e08c21-5ed6-4931-bee3-99a33799b61c" type="org.openqa.selenium.WebDriverException">
      <![CDATA[org.openqa.selenium.WebDriverException: An unknown server-side error occurred while processing the command. Original error: disconnected: Unable to receive message from renderer
  (failed to check if window was closed: disconnected: not connected to DevTools)
  (Session info: chrome=126.0.6478.123)
Build info: version: '4.12.0', revision: '249f2a7d1b*'
System info: os.name: 'Windows 11', os.arch: 'amd64', os.version: '10.0', java.version: '17.0.8'
Driver info: io.appium.java_client.android.AndroidDriver
Command: [87e08c21-5ed6-4931-bee3-99a33799b61c, findElement {using=xpath, value=//button[@class="storedetail-se-btn"]}]
Capabilities {appium:autoGrantPermissions: true, appium:automationName: uiautomator2, appium:chromedriverExecutable: C:\Users\Dell\Downloads\chr..., appium:databaseEnabled: false, appium:desired: {appActivity: com.android.chrome/com.goog..., appPackage: com.android.chrome, autoGrantPermissions: true, automationName: uiautomator2, browserName: Chrome, chromedriverExecutable: C:\Users\Dell\Downloads\chr..., deviceName: Xiaomi redmi Note 5 pro, platformName: ANDROID, platformVersion: 9}, appium:deviceApiLevel: 28, appium:deviceManufacturer: Xiaomi, appium:deviceModel: Redmi Note 5 Pro, appium:deviceName: de6bda50, appium:deviceScreenDensity: 440, appium:deviceScreenSize: 1080x2160, appium:deviceUDID: de6bda50, appium:javascriptEnabled: true, appium:locationContextEnabled: false, appium:networkConnectionEnabled: true, appium:pixelRatio: 2.75, appium:platformVersion: 9, appium:statBarHeight: 66, appium:takesScreenshot: true, appium:viewportRect: {height: 2094, left: 0, top: 66, width: 1080}, appium:warnings: {}, appium:webStorageEnabled: false, browserName: Chrome, platformName: ANDROID}
Session ID: 87e08c21-5ed6-4931-bee3-99a33799b61c
at java.base/jdk.internal.reflect.NativeConstructorAccessorImpl.newInstance0(Native Method)
at java.base/jdk.internal.reflect.NativeConstructorAccessorImpl.newInstance(NativeConstructorAccessorImpl.java:77)
at java.base/jdk.internal.reflect.DelegatingConstructorAccessorImpl.newInstance(DelegatingConstructorAccessorImpl.java:45)
at java.base/java.lang.reflect.Constructor.newInstanceWithCaller(Constructor.java:499)
at java.base/java.lang.reflect.Constructor.newInstance(Constructor.java:480)
at org.openqa.selenium.remote.codec.w3c.W3CHttpResponseCodec.createException(W3CHttpResponseCodec.java:200)
at org.openqa.selenium.remote.codec.w3c.W3CHttpResponseCodec.decode(W3CHttpResponseCodec.java:133)
at org.openqa.selenium.remote.codec.w3c.W3CHttpResponseCodec.decode(W3CHttpResponseCodec.java:52)
at org.openqa.selenium.remote.HttpCommandExecutor.execute(HttpCommandExecutor.java:191)
at io.appium.java_client.remote.AppiumCommandExecutor.execute(AppiumCommandExecutor.java:250)
at org.openqa.selenium.remote.RemoteWebDriver.execute(RemoteWebDriver.java:602)
at org.openqa.selenium.remote.ElementLocation$ElementFinder$2.findElement(ElementLocation.java:165)
at org.openqa.selenium.remote.ElementLocation.findElement(ElementLocation.java:59)
at org.openqa.selenium.remote.RemoteWebDriver.findElement(RemoteWebDriver.java:359)
at org.openqa.selenium.remote.RemoteWebDriver.findElement(RemoteWebDriver.java:353)
at org.openqa.selenium.support.ui.ExpectedConditions$6.apply(ExpectedConditions.java:171)
at org.openqa.selenium.support.ui.ExpectedConditions$6.apply(ExpectedConditions.java:168)
at org.openqa.selenium.support.ui.FluentWait.until(FluentWait.java:205)
at Fkm_WEB_Chrome.ShopNow_DealPg.ShopNow_Deal(ShopNow_DealPg.java:41)
at java.base/jdk.internal.reflect.NativeMethodAccessorImpl.invoke0(Native Method)
at java.base/jdk.internal.reflect.NativeMethodAccessorImpl.invoke(NativeMethodAccessorImpl.java:77)
at java.base/jdk.internal.reflect.DelegatingMethodAccessorImpl.invoke(DelegatingMethodAccessorImpl.java:43)
at java.base/java.lang.reflect.Method.invoke(Method.java:568)
at org.testng.internal.invokers.MethodInvocationHelper.invokeMethod(MethodInvocationHelper.java:139)
at org.testng.internal.invokers.TestInvoker.invokeMethod(TestInvoker.java:664)
at org.testng.internal.invokers.TestInvoker.invokeTestMethod(TestInvoker.java:227)
at org.testng.internal.invokers.MethodRunner.runInSequence(MethodRunner.java:50)
at org.testng.internal.invokers.TestInvoker$MethodInvocationAgent.invoke(TestInvoker.java:957)
at org.testng.internal.invokers.TestInvoker.invokeTestMethods(TestInvoker.java:200)
at org.testng.internal.invokers.TestMethodWorker.invokeTestMethods(TestMethodWorker.java:148)
at org.testng.internal.invokers.TestMethodWorker.run(TestMethodWorker.java:128)
at java.base/java.util.ArrayList.forEach(ArrayList.java:1511)
at org.testng.TestRunner.privateRun(TestRunner.java:848)
at org.testng.TestRunner.run(TestRunner.java:621)
at org.testng.SuiteRunner.runTest(SuiteRunner.java:443)
at org.testng.SuiteRunner.runSequentially(SuiteRunner.java:437)
at org.testng.SuiteRunner.privateRun(SuiteRunner.java:397)
at org.testng.SuiteRunner.run(SuiteRunner.java:336)
at org.testng.SuiteRunnerWorker.runSuite(SuiteRunnerWorker.java:52)
at org.testng.SuiteRunnerWorker.run(SuiteRunnerWorker.java:95)
at org.testng.TestNG.runSuitesSequentially(TestNG.java:1280)
at org.testng.TestNG.runSuitesLocally(TestNG.java:1200)
at org.testng.TestNG.runSuites(TestNG.java:1114)
at org.testng.TestNG.run(TestNG.java:1082)
at org.testng.remote.AbstractRemoteTestNG.run(AbstractRemoteTestNG.java:115)
at org.testng.remote.RemoteTestNG.initAndRun(RemoteTestNG.java:251)
at org.testng.remote.RemoteTestNG.main(RemoteTestNG.java:77)
]]>
    </error>
  </testcase> <!-- ShopNow_Deal -->
</testsuite> <!-- Fkm_WEB_Chrome.ShopNow_DealPg -->
