<?xml version="1.0" encoding="UTF-8"?>
<!-- Generated by org.testng.reporters.JUnitXMLReporter -->
<testsuite ignored="0" hostname="DESKTOP-5KTOU1E" failures="1" tests="3" name="Test" time="134.031" errors="0" timestamp="2024-07-16T11:30:19 IST">
  <testcase classname="Generic_Utility.Base_Class" name="@BeforeMethod login" time="8.716">
    <failure type="org.openqa.selenium.SessionNotCreatedException" message="Could not start a new session. Response code 500. Message: A new session could not be created. Details: io.appium.uiautomator2.common.exceptions.UiAutomator2Exception: Cannot invoke method android.app.UiAutomation androidx.test.uiautomator.UiDevice.getUiAutomation() on object androidx.test.uiautomator.UiDevice@589a0ea with parameters [] 
Host info: host: &amp;apos;DESKTOP-5KTOU1E&amp;apos;, ip: &amp;apos;192.168.1.13&amp;apos;
Build info: version: &amp;apos;4.12.0&amp;apos;, revision: &amp;apos;249f2a7d1b*&amp;apos;
System info: os.name: &amp;apos;Windows 11&amp;apos;, os.arch: &amp;apos;amd64&amp;apos;, os.version: &amp;apos;10.0&amp;apos;, java.version: &amp;apos;17.0.8&amp;apos;
Driver info: io.appium.java_client.android.AndroidDriver
Command: [null, newSession {capabilities=[{appium:automationName=uiautomator2, browserName=Chrome, appium:chromedriverExecutable=C:\Users\Dell\Downloads\chromedriver\chromedriver-win64\chromedriver.exe, appium:deviceName=Xiaomi redmi Note 5 pro, platformName=ANDROID, appium:platformVersion=9}], desiredCapabilities=Capabilities {automationName: uiautomator2, browserName: Chrome, chromedriverExecutable: C:\Users\Dell\Downloads\chr..., deviceName: Xiaomi redmi Note 5 pro, platformName: ANDROID, platformVersion: 9}}]
Capabilities {automationName: uiautomator2, browserName: Chrome, chromedriverExecutable: C:\Users\Dell\Downloads\chr..., deviceName: Xiaomi redmi Note 5 pro, platformName: ANDROID, platformVersion: 9}">
      <![CDATA[org.openqa.selenium.SessionNotCreatedException: Could not start a new session. Response code 500. Message: A new session could not be created. Details: io.appium.uiautomator2.common.exceptions.UiAutomator2Exception: Cannot invoke method android.app.UiAutomation androidx.test.uiautomator.UiDevice.getUiAutomation() on object androidx.test.uiautomator.UiDevice@589a0ea with parameters [] 
Host info: host: 'DESKTOP-5KTOU1E', ip: '192.168.1.13'
Build info: version: '4.12.0', revision: '249f2a7d1b*'
System info: os.name: 'Windows 11', os.arch: 'amd64', os.version: '10.0', java.version: '17.0.8'
Driver info: io.appium.java_client.android.AndroidDriver
Command: [null, newSession {capabilities=[{appium:automationName=uiautomator2, browserName=Chrome, appium:chromedriverExecutable=C:\Users\Dell\Downloads\chromedriver\chromedriver-win64\chromedriver.exe, appium:deviceName=Xiaomi redmi Note 5 pro, platformName=ANDROID, appium:platformVersion=9}], desiredCapabilities=Capabilities {automationName: uiautomator2, browserName: Chrome, chromedriverExecutable: C:\Users\Dell\Downloads\chr..., deviceName: Xiaomi redmi Note 5 pro, platformName: ANDROID, platformVersion: 9}}]
Capabilities {automationName: uiautomator2, browserName: Chrome, chromedriverExecutable: C:\Users\Dell\Downloads\chr..., deviceName: Xiaomi redmi Note 5 pro, platformName: ANDROID, platformVersion: 9}
at org.openqa.selenium.remote.ProtocolHandshake.createSession(ProtocolHandshake.java:140)
at io.appium.java_client.remote.AppiumProtocolHandshake.createSession(AppiumProtocolHandshake.java:133)
at io.appium.java_client.remote.AppiumProtocolHandshake.createSession(AppiumProtocolHandshake.java:102)
at io.appium.java_client.remote.AppiumCommandExecutor.createSession(AppiumCommandExecutor.java:182)
at io.appium.java_client.remote.AppiumCommandExecutor.execute(AppiumCommandExecutor.java:250)
at org.openqa.selenium.remote.RemoteWebDriver.execute(RemoteWebDriver.java:602)
at io.appium.java_client.AppiumDriver.startSession(AppiumDriver.java:274)
at org.openqa.selenium.remote.RemoteWebDriver.<init>(RemoteWebDriver.java:163)
at io.appium.java_client.AppiumDriver.<init>(AppiumDriver.java:89)
at io.appium.java_client.AppiumDriver.<init>(AppiumDriver.java:101)
at io.appium.java_client.android.AndroidDriver.<init>(AndroidDriver.java:113)
at Generic_Utility.Base_Class.login(Base_Class.java:30)
at java.base/java.util.ArrayList.forEach(ArrayList.java:1511)
... Removed 35 stack frames]]>
    </failure>
  </testcase> <!-- @BeforeMethod login -->
  <testcase classname="Fkm_WEB_Chrome.Notification_Search_ButtonFunction" name="notification" time="0.0">
    <skipped/>
  </testcase> <!-- notification -->
  <testcase classname="Fkm_WEB_Chrome.ShopNow_DealPg" name="ShopNow_Deal" time="26.733"/>
  <testcase classname="Fkm_WEB_Chrome.Claim_Form" name="claimForm" time="20.865">
    <failure type="org.openqa.selenium.WebDriverException" message="An unknown server-side error occurred while processing the command. Original error: disconnected: Unable to receive message from renderer
  (failed to check if window was closed: disconnected: not connected to DevTools)
  (Session info: chrome=126.0.6478.122)
Build info: version: &amp;apos;4.12.0&amp;apos;, revision: &amp;apos;249f2a7d1b*&amp;apos;
System info: os.name: &amp;apos;Windows 11&amp;apos;, os.arch: &amp;apos;amd64&amp;apos;, os.version: &amp;apos;10.0&amp;apos;, java.version: &amp;apos;17.0.8&amp;apos;
Driver info: io.appium.java_client.android.AndroidDriver
Command: [cf520bf5-462b-4d96-b65c-a7eeb762a219, findElement {using=xpath, value=(//h3[text()=&amp;apos;Submit claim form&amp;apos;])[2]}]
Capabilities {appium:automationName: uiautomator2, appium:chromedriverExecutable: C:\Users\Dell\Downloads\chr..., appium:databaseEnabled: false, appium:desired: {appActivity: com.android.chrome/com.goog..., appPackage: com.android.chrome, automationName: uiautomator2, browserName: Chrome, chromedriverExecutable: C:\Users\Dell\Downloads\chr..., deviceName: Xiaomi redmi Note 5 pro, platformName: ANDROID, platformVersion: 9}, appium:deviceApiLevel: 28, appium:deviceManufacturer: Xiaomi, appium:deviceModel: Redmi Note 5 Pro, appium:deviceName: de6bda50, appium:deviceScreenDensity: 440, appium:deviceScreenSize: 1080x2160, appium:deviceUDID: de6bda50, appium:javascriptEnabled: true, appium:locationContextEnabled: false, appium:networkConnectionEnabled: true, appium:pixelRatio: 2.75, appium:platformVersion: 9, appium:statBarHeight: 66, appium:takesScreenshot: true, appium:viewportRect: {height: 2094, left: 0, top: 66, width: 1080}, appium:warnings: {}, appium:webStorageEnabled: false, browserName: Chrome, platformName: ANDROID}
Session ID: cf520bf5-462b-4d96-b65c-a7eeb762a219">
      <![CDATA[org.openqa.selenium.WebDriverException: An unknown server-side error occurred while processing the command. Original error: disconnected: Unable to receive message from renderer
  (failed to check if window was closed: disconnected: not connected to DevTools)
  (Session info: chrome=126.0.6478.122)
Build info: version: '4.12.0', revision: '249f2a7d1b*'
System info: os.name: 'Windows 11', os.arch: 'amd64', os.version: '10.0', java.version: '17.0.8'
Driver info: io.appium.java_client.android.AndroidDriver
Command: [cf520bf5-462b-4d96-b65c-a7eeb762a219, findElement {using=xpath, value=(//h3[text()='Submit claim form'])[2]}]
Capabilities {appium:automationName: uiautomator2, appium:chromedriverExecutable: C:\Users\Dell\Downloads\chr..., appium:databaseEnabled: false, appium:desired: {appActivity: com.android.chrome/com.goog..., appPackage: com.android.chrome, automationName: uiautomator2, browserName: Chrome, chromedriverExecutable: C:\Users\Dell\Downloads\chr..., deviceName: Xiaomi redmi Note 5 pro, platformName: ANDROID, platformVersion: 9}, appium:deviceApiLevel: 28, appium:deviceManufacturer: Xiaomi, appium:deviceModel: Redmi Note 5 Pro, appium:deviceName: de6bda50, appium:deviceScreenDensity: 440, appium:deviceScreenSize: 1080x2160, appium:deviceUDID: de6bda50, appium:javascriptEnabled: true, appium:locationContextEnabled: false, appium:networkConnectionEnabled: true, appium:pixelRatio: 2.75, appium:platformVersion: 9, appium:statBarHeight: 66, appium:takesScreenshot: true, appium:viewportRect: {height: 2094, left: 0, top: 66, width: 1080}, appium:warnings: {}, appium:webStorageEnabled: false, browserName: Chrome, platformName: ANDROID}
Session ID: cf520bf5-462b-4d96-b65c-a7eeb762a219
at org.openqa.selenium.remote.codec.w3c.W3CHttpResponseCodec.createException(W3CHttpResponseCodec.java:200)
at org.openqa.selenium.remote.codec.w3c.W3CHttpResponseCodec.decode(W3CHttpResponseCodec.java:133)
at org.openqa.selenium.remote.codec.w3c.W3CHttpResponseCodec.decode(W3CHttpResponseCodec.java:52)
at org.openqa.selenium.remote.HttpCommandExecutor.execute(HttpCommandExecutor.java:191)
at io.appium.java_client.remote.AppiumCommandExecutor.execute(AppiumCommandExecutor.java:250)
at org.openqa.selenium.remote.RemoteWebDriver.execute(RemoteWebDriver.java:602)
at org.openqa.selenium.remote.ElementLocation$ElementFinder$2.findElement(ElementLocation.java:165)
at org.openqa.selenium.remote.ElementLocation.findElement(ElementLocation.java:59)
at org.openqa.selenium.remote.RemoteWebDriver.findElement(RemoteWebDriver.java:359)
at org.openqa.selenium.remote.RemoteWebDriver.findElement(RemoteWebDriver.java:353)
at Fkm_WEB_Chrome.Claim_Form.claimForm(Claim_Form.java:38)
at java.base/java.util.ArrayList.forEach(ArrayList.java:1511)
... Removed 32 stack frames]]>
    </failure>
  </testcase> <!-- claimForm -->
</testsuite> <!-- Test -->
