<?xml version="1.0" encoding="UTF-8"?>
<!-- Generated by org.testng.reporters.JUnitXMLReporter -->
<testsuite ignored="0" hostname="DESKTOP-5KTOU1E" failures="1" tests="1" name="Test" time="5.413" errors="0" timestamp="2023-12-01T18:17:36 IST">
  <testcase classname="FirstPackage.WebElements" name="WB" time="2.278">
    <failure type="java.lang.AssertionError" message="expected [null] but found [true]">
      <![CDATA[java.lang.AssertionError: expected [null] but found [true]
at FirstPackage.WebElements.WB(WebElements.java:35)
at java.base/java.util.ArrayList.forEach(ArrayList.java:1511)
... Removed 33 stack frames]]>
    </failure>
  </testcase> <!-- WB -->
</testsuite> <!-- Test -->
