<?xml version="1.0" encoding="UTF-8"?>
<testng-results ignored="0" total="5" passed="5" failed="0" skipped="0">
  <reporter-output>
  </reporter-output>
  <suite started-at="2024-02-07T17:03:17 IST" name="Default suite" finished-at="2024-02-07T17:03:17 IST" duration-ms="111">
    <groups>
    </groups>
    <test started-at="2024-02-07T17:03:17 IST" name="Default test" finished-at="2024-02-07T17:03:17 IST" duration-ms="111">
      <class name="TestNG.Annotations">
        <test-method is-config="true" signature="BS()[pri:0, instance:TestNG.Annotations@38afe297]" started-at="2024-02-07T17:03:17 IST" name="BS" finished-at="2024-02-07T17:03:17 IST" duration-ms="10" status="PASS">
          <reporter-output>
          </reporter-output>
        </test-method> <!-- BS -->
        <test-method is-config="true" signature="BT()[pri:0, instance:TestNG.Annotations@38afe297]" started-at="2024-02-07T17:03:17 IST" name="BT" finished-at="2024-02-07T17:03:17 IST" duration-ms="1" status="PASS">
          <reporter-output>
          </reporter-output>
        </test-method> <!-- BT -->
        <test-method is-config="true" signature="BC()[pri:0, instance:TestNG.Annotations@38afe297]" started-at="2024-02-07T17:03:17 IST" name="BC" finished-at="2024-02-07T17:03:17 IST" duration-ms="0" status="PASS">
          <reporter-output>
          </reporter-output>
        </test-method> <!-- BC -->
        <test-method is-config="true" signature="BM()[pri:0, instance:TestNG.Annotations@38afe297]" started-at="2024-02-07T17:03:17 IST" name="BM" finished-at="2024-02-07T17:03:17 IST" duration-ms="0" status="PASS">
          <reporter-output>
          </reporter-output>
        </test-method> <!-- BM -->
        <test-method signature="ausaf()[pri:1, instance:TestNG.Annotations@38afe297]" started-at="2024-02-07T17:03:17 IST" name="ausaf" finished-at="2024-02-07T17:03:17 IST" duration-ms="15" status="PASS">
          <reporter-output>
          </reporter-output>
        </test-method> <!-- ausaf -->
        <test-method is-config="true" signature="AM()[pri:0, instance:TestNG.Annotations@38afe297]" started-at="2024-02-07T17:03:17 IST" name="AM" finished-at="2024-02-07T17:03:17 IST" duration-ms="1" status="PASS">
          <reporter-output>
          </reporter-output>
        </test-method> <!-- AM -->
        <test-method is-config="true" signature="BM()[pri:0, instance:TestNG.Annotations@38afe297]" started-at="2024-02-07T17:03:17 IST" name="BM" finished-at="2024-02-07T17:03:17 IST" duration-ms="1" status="PASS">
          <reporter-output>
          </reporter-output>
        </test-method> <!-- BM -->
        <test-method signature="adeeb()[pri:2, instance:TestNG.Annotations@38afe297]" started-at="2024-02-07T17:03:17 IST" name="adeeb" finished-at="2024-02-07T17:03:17 IST" duration-ms="1" status="PASS">
          <reporter-output>
          </reporter-output>
        </test-method> <!-- adeeb -->
        <test-method is-config="true" signature="AM()[pri:0, instance:TestNG.Annotations@38afe297]" started-at="2024-02-07T17:03:17 IST" name="AM" finished-at="2024-02-07T17:03:17 IST" duration-ms="0" status="PASS">
          <reporter-output>
          </reporter-output>
        </test-method> <!-- AM -->
        <test-method is-config="true" signature="BM()[pri:0, instance:TestNG.Annotations@38afe297]" started-at="2024-02-07T17:03:17 IST" name="BM" finished-at="2024-02-07T17:03:17 IST" duration-ms="1" status="PASS">
          <reporter-output>
          </reporter-output>
        </test-method> <!-- BM -->
        <test-method signature="adeeb()[pri:2, instance:TestNG.Annotations@38afe297]" started-at="2024-02-07T17:03:17 IST" name="adeeb" finished-at="2024-02-07T17:03:17 IST" duration-ms="2" status="PASS">
          <reporter-output>
          </reporter-output>
        </test-method> <!-- adeeb -->
        <test-method is-config="true" signature="AM()[pri:0, instance:TestNG.Annotations@38afe297]" started-at="2024-02-07T17:03:17 IST" name="AM" finished-at="2024-02-07T17:03:17 IST" duration-ms="1" status="PASS">
          <reporter-output>
          </reporter-output>
        </test-method> <!-- AM -->
        <test-method is-config="true" signature="BM()[pri:0, instance:TestNG.Annotations@38afe297]" started-at="2024-02-07T17:03:17 IST" name="BM" finished-at="2024-02-07T17:03:17 IST" duration-ms="0" status="PASS">
          <reporter-output>
          </reporter-output>
        </test-method> <!-- BM -->
        <test-method signature="Sheikh()[pri:3, instance:TestNG.Annotations@38afe297]" started-at="2024-02-07T17:03:17 IST" name="Sheikh" finished-at="2024-02-07T17:03:17 IST" duration-ms="4" status="PASS">
          <reporter-output>
          </reporter-output>
        </test-method> <!-- Sheikh -->
        <test-method is-config="true" signature="AM()[pri:0, instance:TestNG.Annotations@38afe297]" started-at="2024-02-07T17:03:17 IST" name="AM" finished-at="2024-02-07T17:03:17 IST" duration-ms="0" status="PASS">
          <reporter-output>
          </reporter-output>
        </test-method> <!-- AM -->
        <test-method is-config="true" signature="BM()[pri:0, instance:TestNG.Annotations@38afe297]" started-at="2024-02-07T17:03:17 IST" name="BM" finished-at="2024-02-07T17:03:17 IST" duration-ms="2" status="PASS">
          <reporter-output>
          </reporter-output>
        </test-method> <!-- BM -->
        <test-method signature="khan()[pri:4, instance:TestNG.Annotations@38afe297]" started-at="2024-02-07T17:03:17 IST" name="khan" finished-at="2024-02-07T17:03:17 IST" depends-on-methods="TestNG.Annotations.Sheikh" duration-ms="5" status="PASS">
          <reporter-output>
          </reporter-output>
        </test-method> <!-- khan -->
        <test-method is-config="true" signature="AM()[pri:0, instance:TestNG.Annotations@38afe297]" started-at="2024-02-07T17:03:17 IST" name="AM" finished-at="2024-02-07T17:03:17 IST" duration-ms="4" status="PASS">
          <reporter-output>
          </reporter-output>
        </test-method> <!-- AM -->
        <test-method is-config="true" signature="AC()[pri:0, instance:TestNG.Annotations@38afe297]" started-at="2024-02-07T17:03:17 IST" name="AC" finished-at="2024-02-07T17:03:17 IST" duration-ms="1" status="PASS">
          <reporter-output>
          </reporter-output>
        </test-method> <!-- AC -->
        <test-method is-config="true" signature="AT()[pri:0, instance:TestNG.Annotations@38afe297]" started-at="2024-02-07T17:03:17 IST" name="AT" finished-at="2024-02-07T17:03:17 IST" duration-ms="1" status="PASS">
          <reporter-output>
          </reporter-output>
        </test-method> <!-- AT -->
        <test-method is-config="true" signature="AS()[pri:0, instance:TestNG.Annotations@38afe297]" started-at="2024-02-07T17:03:17 IST" name="AS" finished-at="2024-02-07T17:03:17 IST" duration-ms="1" status="PASS">
          <reporter-output>
          </reporter-output>
        </test-method> <!-- AS -->
      </class> <!-- TestNG.Annotations -->
    </test> <!-- Default test -->
  </suite> <!-- Default suite -->
</testng-results>
