<?xml version="1.0" encoding="UTF-8"?>
<testng-results ignored="0" total="1" passed="1" failed="0" skipped="0">
  <reporter-output>
  </reporter-output>
  <suite started-at="2024-08-09T17:24:29 IST" name="Default suite" finished-at="2024-08-09T17:25:18 IST" duration-ms="48659">
    <groups>
    </groups>
    <test started-at="2024-08-09T17:24:29 IST" name="Default test" finished-at="2024-08-09T17:25:18 IST" duration-ms="48659">
      <class name="FKM.Claim_Form">
        <test-method is-config="true" signature="baseClass()[pri:0, instance:FKM.Claim_Form@76505305]" started-at="2024-08-09T17:24:29 IST" name="baseClass" finished-at="2024-08-09T17:24:39 IST" duration-ms="9785" status="PASS">
          <reporter-output>
          </reporter-output>
        </test-method> <!-- baseClass -->
        <test-method signature="claim()[pri:0, instance:FKM.Claim_Form@76505305]" started-at="2024-08-09T17:24:39 IST" name="claim" finished-at="2024-08-09T17:25:18 IST" duration-ms="38824" status="PASS">
          <reporter-output>
          </reporter-output>
        </test-method> <!-- claim -->
        <test-method is-config="true" signature="AM()[pri:0, instance:FKM.Claim_Form@76505305]" started-at="2024-08-09T17:25:18 IST" name="AM" finished-at="2024-08-09T17:25:18 IST" duration-ms="0" status="PASS">
          <reporter-output>
          </reporter-output>
        </test-method> <!-- AM -->
      </class> <!-- FKM.Claim_Form -->
    </test> <!-- Default test -->
  </suite> <!-- Default suite -->
</testng-results>
