<?xml version="1.0" encoding="UTF-8"?>
<testng-results ignored="0" total="1" passed="1" failed="0" skipped="0">
  <reporter-output>
  </reporter-output>
  <suite started-at="2024-08-23T11:50:32 IST" name="Default suite" finished-at="2024-08-23T11:50:53 IST" duration-ms="20448">
    <groups>
    </groups>
    <test started-at="2024-08-23T11:50:32 IST" name="Default test" finished-at="2024-08-23T11:50:53 IST" duration-ms="20448">
      <class name="FKM.LogOut">
        <test-method is-config="true" signature="baseClass()[pri:0, instance:FKM.LogOut@4c371370]" started-at="2024-08-23T11:50:32 IST" name="baseClass" finished-at="2024-08-23T11:50:42 IST" duration-ms="10349" status="PASS">
          <reporter-output>
          </reporter-output>
        </test-method> <!-- baseClass -->
        <test-method signature="logout()[pri:0, instance:FKM.LogOut@4c371370]" started-at="2024-08-23T11:50:42 IST" name="logout" finished-at="2024-08-23T11:50:53 IST" duration-ms="10057" status="PASS">
          <reporter-output>
          </reporter-output>
        </test-method> <!-- logout -->
        <test-method is-config="true" signature="AM()[pri:0, instance:FKM.LogOut@4c371370]" started-at="2024-08-23T11:50:53 IST" name="AM" finished-at="2024-08-23T11:50:53 IST" duration-ms="1" status="PASS">
          <reporter-output>
          </reporter-output>
        </test-method> <!-- AM -->
      </class> <!-- FKM.LogOut -->
    </test> <!-- Default test -->
  </suite> <!-- Default suite -->
</testng-results>
